p/1622323718260.jpg 1 0 0 52 56
p/1622323714692.jpg 1 0 0 65 52
p/1622323711172.jpg 1 0 0 68 57
p/1622323707228.jpg 1 0 0 62 58
p/1622323704052.jpg 1 0 0 62 65
p/1622323700044.jpg 1 0 0 56 72
p/1622323694566.jpg 1 0 0 45 62
p/1622323691324.jpg 1 0 0 45 63
p/1622323687172.jpg 1 0 0 55 66
p/1622323683564.jpg 1 0 0 52 78
p/1622323677380.jpg 1 0 0 50 76
p/1622323673908.jpg 1 0 0 51 62
p/1622323670278.jpg 1 0 0 46 51
p/1622323666748.jpg 1 0 0 45 51
p/1622323662853.jpg 1 0 0 56 52
p/1622323658476.jpg 1 0 0 67 99
p/1622323652469.jpg 1 0 0 66 69
p/1622323648573.jpg 1 0 0 58 73
p/1622323644428.jpg 1 0 0 54 58
p/1622323641142.jpg 1 0 0 54 71
p/1622323638167.jpg 1 0 0 53 69
p/1622323634557.jpg 1 0 0 54 65
p/1622323630863.jpg 1 0 0 46 79
p/1622323626678.jpg 1 0 0 57 64
p/1622323623572.jpg 1 0 0 59 56
p/1622323620069.jpg 1 0 0 51 63
p/1622323614909.jpg 1 0 0 54 69
p/1622323609958.jpg 1 0 0 44 42
p/1622323605917.jpg 1 0 0 42 39
p/1622323597789.jpg 1 0 0 65 74
p/1622323593637.jpg 1 0 0 50 50
p/1622323589238.jpg 1 0 0 76 66
p/1622323585397.jpg 1 0 0 70 73
p/1622323581693.jpg 1 0 0 77 79
p/1622323577702.jpg 1 0 0 65 73
p/1622323573805.jpg 1 0 0 67 68
p/1622323569941.jpg 1 0 0 71 80
p/1622323565845.jpg 1 0 0 67 79
p/1622323562278.jpg 1 0 0 61 69
p/1622323557734.jpg 1 0 0 62 69
p/1622323553758.jpg 1 0 0 65 72