p/1622389831687.jpg 1 0 0 144 110
p/1622389827382.jpg 1 0 0 133 119
p/1622389821934.jpg 1 0 0 137 121
p/1622389816725.jpg 1 0 0 134 118
p/1622389808918.jpg 1 0 0 90 66
p/1622389802614.jpg 1 0 0 156 122
p/1622389794630.jpg 1 0 0 70 68
p/1622389790222.jpg 1 0 0 75 60
p/1622389784286.jpg 1 0 0 117 80
p/1622389777111.jpg 1 0 0 96 78
p/1622389772614.jpg 1 0 0 94 81
p/1622389767510.jpg 1 0 0 100 79
p/1622389760191.jpg 1 0 0 146 113
p/1622389754223.jpg 1 0 0 120 101
p/1622389747454.jpg 1 0 0 124 104
p/1622389741631.jpg 1 0 0 130 106
p/1622389734862.jpg 1 0 0 109 101
p/1622389727286.jpg 1 0 0 115 102
p/1622389713198.jpg 1 0 0 118 93
p/1622389707687.jpg 1 0 0 104 88
p/1622389703270.jpg 1 0 0 81 78
p/1622389696358.jpg 1 0 0 80 66
p/1622389685295.jpg 1 0 0 80 69
p/1622389679952.jpg 1 0 0 91 72
p/1622389675992.jpg 1 0 0 83 72
p/1622389667999.jpg 1 0 0 114 89
p/1622389662304.jpg 1 0 0 84 82
p/1622389652959.jpg 1 0 0 91 74
p/1622389648743.jpg 1 0 0 99 86
p/1622389642143.jpg 1 0 0 93 90
p/1622389635815.jpg 1 0 0 90 80
p/1622389631737.jpg 1 0 0 97 83
p/1622389627031.jpg 1 0 0 112 88
p/1622389617760.jpg 1 0 0 120 92
p/1622389609696.jpg 1 0 0 113 87
p/1622389597696.jpg 1 0 0 103 84
p/1622389592968.jpg 1 0 0 93 76
p/1622389584680.jpg 1 0 0 112 89
p/1622389570704.jpg 1 0 0 109 88
p/1622389563184.jpg 1 0 0 123 111
p/1622389552089.jpg 1 0 0 126 102
p/1622389544776.jpg 1 0 0 129 98
p/1622389528296.jpg 1 0 0 142 106
p/1622389514304.jpg 1 0 0 139 114
p/1622389493953.jpg 1 0 0 141 103
p/1622389488633.jpg 1 0 0 142 91
p/1622389479433.jpg 1 0 0 134 109
p/1622389471025.jpg 1 0 0 75 75